# JRE version: OpenJDK Runtime Environment AdoptOpenJDK (15.0.2+7) (build 15.0.2+7)
# Java VM: OpenJDK 64-Bit Server VM AdoptOpenJDK (15.0.2+7, mixed mode, sharing, tiered, compressed oops, g1 gc, windows-amd64)
GC Precious Log:
 CPUs: 4 total, 4 available
 Memory: 3968M
 Large Page Support: Disabled
 NUMA Support: Disabled
 Compressed Oops: Enabled (32-bit)
 Heap Region Size: 1M
 Heap Min Capacity: 8M
 Heap Initial Capacity: 64M
 Heap Max Capacity: 994M
 Pre-touch: Disabled
 Parallel Workers: 4
 Concurrent Workers: 1
 Concurrent Refinement Workers: 4
 Periodic GC: Disabled
Heap:
 garbage-first heap   total 56320K, used 28991K [0x00000000c1e00000, 0x0000000100000000)
  region size 1024K, 8 young (8192K), 2 survivors (2048K)
 Metaspace       used 33646K, capacity 34098K, committed 34224K, reserved 1079296K
  class space    used 4089K, capacity 4250K, committed 4352K, reserved 1048576K
GC Heap History (20 events):
Event: 4.647 GC heap before
{Heap before GC invocations=8 (full 0):
 garbage-first heap   total 46080K, used 32869K [0x00000000c1e00000, 0x0000000100000000)
  region size 1024K, 22 young (22528K), 1 survivors (1024K)
 Metaspace       used 21589K, capacity 21917K, committed 22192K, reserved 1069056K
  class space    used 2618K, capacity 2728K, committed 2816K, reserved 1048576K
}
Event: 4.651 GC heap after
{Heap after GC invocations=9 (full 0):
 garbage-first heap   total 46080K, used 13145K [0x00000000c1e00000, 0x0000000100000000)
  region size 1024K, 2 young (2048K), 2 survivors (2048K)
 Metaspace       used 21589K, capacity 21917K, committed 22192K, reserved 1069056K
  class space    used 2618K, capacity 2728K, committed 2816K, reserved 1048576K
}
Event: 5.899 GC heap before
{Heap before GC invocations=9 (full 0):
 garbage-first heap   total 46080K, used 34649K [0x00000000c1e00000, 0x0000000100000000)
  region size 1024K, 23 young (23552K), 2 survivors (2048K)
 Metaspace       used 24099K, capacity 24485K, committed 24880K, reserved 1071104K
  class space    used 2950K, capacity 3089K, committed 3200K, reserved 1048576K
}
Event: 5.905 GC heap after
{Heap after GC invocations=10 (full 0):
 garbage-first heap   total 46080K, used 14676K [0x00000000c1e00000, 0x0000000100000000)
  region size 1024K, 3 young (3072K), 3 survivors (3072K)
 Metaspace       used 24099K, capacity 24485K, committed 24880K, reserved 1071104K
  class space    used 2950K, capacity 3089K, committed 3200K, reserved 1048576K
}
Event: 6.741 GC heap before
{Heap before GC invocations=10 (full 0):
 garbage-first heap   total 46080K, used 35156K [0x00000000c1e00000, 0x0000000100000000)
  region size 1024K, 23 young (23552K), 3 survivors (3072K)
 Metaspace       used 26368K, capacity 26755K, committed 26928K, reserved 1073152K
  class space    used 3214K, capacity 3352K, committed 3456K, reserved 1048576K
}
Event: 6.748 GC heap after
{Heap after GC invocations=11 (full 0):
 garbage-first heap   total 46080K, used 15990K [0x00000000c1e00000, 0x0000000100000000)
  region size 1024K, 3 young (3072K), 3 survivors (3072K)
 Metaspace       used 26368K, capacity 26755K, committed 26928K, reserved 1073152K
  class space    used 3214K, capacity 3352K, committed 3456K, reserved 1048576K
}
Event: 7.439 GC heap before
{Heap before GC invocations=11 (full 0):
 garbage-first heap   total 46080K, used 35446K [0x00000000c1e00000, 0x0000000100000000)
  region size 1024K, 22 young (22528K), 3 survivors (3072K)
 Metaspace       used 28756K, capacity 29159K, committed 29232K, reserved 1075200K
  class space    used 3542K, capacity 3696K, committed 3712K, reserved 1048576K
}
Event: 7.447 GC heap after
{Heap after GC invocations=12 (full 0):
 garbage-first heap   total 46080K, used 17905K [0x00000000c1e00000, 0x0000000100000000)
  region size 1024K, 3 young (3072K), 3 survivors (3072K)
 Metaspace       used 28756K, capacity 29159K, committed 29232K, reserved 1075200K
  class space    used 3542K, capacity 3696K, committed 3712K, reserved 1048576K
}
Event: 7.776 GC heap before
{Heap before GC invocations=12 (full 0):
 garbage-first heap   total 46080K, used 33265K [0x00000000c1e00000, 0x0000000100000000)
  region size 1024K, 19 young (19456K), 3 survivors (3072K)
 Metaspace       used 31501K, capacity 32021K, committed 32176K, reserved 1077248K
  class space    used 3860K, capacity 4052K, committed 4096K, reserved 1048576K
}
Event: 7.783 GC heap after
{Heap after GC invocations=13 (full 0):
 garbage-first heap   total 46080K, used 22464K [0x00000000c1e00000, 0x0000000100000000)
  region size 1024K, 3 young (3072K), 3 survivors (3072K)
 Metaspace       used 31501K, capacity 32021K, committed 32176K, reserved 1077248K
  class space    used 3860K, capacity 4052K, committed 4096K, reserved 1048576K
}
Event: 7.786 GC heap before
{Heap before GC invocations=13 (full 0):
 garbage-first heap   total 46080K, used 32704K [0x00000000c1e00000, 0x0000000100000000)
  region size 1024K, 14 young (14336K), 3 survivors (3072K)
 Metaspace       used 31501K, capacity 32021K, committed 32176K, reserved 1077248K
  class space    used 3860K, capacity 4052K, committed 4096K, reserved 1048576K
}
Event: 7.789 GC heap after
{Heap after GC invocations=14 (full 0):
 garbage-first heap   total 46080K, used 22701K [0x00000000c1e00000, 0x0000000100000000)
  region size 1024K, 1 young (1024K), 1 survivors (1024K)
 Metaspace       used 31501K, capacity 32021K, committed 32176K, reserved 1077248K
  class space    used 3860K, capacity 4052K, committed 4096K, reserved 1048576K
}
Event: 7.792 GC heap before
{Heap before GC invocations=14 (full 0):
 garbage-first heap   total 46080K, used 32941K [0x00000000c1e00000, 0x0000000100000000)
  region size 1024K, 12 young (12288K), 1 survivors (1024K)
 Metaspace       used 31501K, capacity 32021K, committed 32176K, reserved 1077248K
  class space    used 3860K, capacity 4052K, committed 4096K, reserved 1048576K
}
Event: 7.793 GC heap after
{Heap after GC invocations=15 (full 0):
 garbage-first heap   total 46080K, used 22716K [0x00000000c1e00000, 0x0000000100000000)
  region size 1024K, 1 young (1024K), 1 survivors (1024K)
 Metaspace       used 31501K, capacity 32021K, committed 32176K, reserved 1077248K
  class space    used 3860K, capacity 4052K, committed 4096K, reserved 1048576K
}
Event: 8.003 GC heap before
{Heap before GC invocations=16 (full 0):
 garbage-first heap   total 56320K, used 33980K [0x00000000c1e00000, 0x0000000100000000)
  region size 1024K, 13 young (13312K), 1 survivors (1024K)
 Metaspace       used 32585K, capacity 33089K, committed 33328K, reserved 1079296K
  class space    used 3964K, capacity 4150K, committed 4224K, reserved 1048576K
}
Event: 8.006 GC heap after
{Heap after GC invocations=17 (full 0):
 garbage-first heap   total 56320K, used 23546K [0x00000000c1e00000, 0x0000000100000000)
  region size 1024K, 1 young (1024K), 1 survivors (1024K)
 Metaspace       used 32585K, capacity 33089K, committed 33328K, reserved 1079296K
  class space    used 3964K, capacity 4150K, committed 4224K, reserved 1048576K
}
Event: 8.048 GC heap before
{Heap before GC invocations=17 (full 0):
 garbage-first heap   total 56320K, used 43002K [0x00000000c1e00000, 0x0000000100000000)
  region size 1024K, 21 young (21504K), 1 survivors (1024K)
 Metaspace       used 32600K, capacity 33089K, committed 33328K, reserved 1079296K
  class space    used 3964K, capacity 4150K, committed 4224K, reserved 1048576K
}
Event: 8.050 GC heap after
{Heap after GC invocations=18 (full 0):
 garbage-first heap   total 56320K, used 23701K [0x00000000c1e00000, 0x0000000100000000)
  region size 1024K, 2 young (2048K), 2 survivors (2048K)
 Metaspace       used 32600K, capacity 33089K, committed 33328K, reserved 1079296K
  class space    used 3964K, capacity 4150K, committed 4224K, reserved 1048576K
}
Event: 8.261 GC heap before
{Heap before GC invocations=18 (full 0):
 garbage-first heap   total 56320K, used 43157K [0x00000000c1e00000, 0x0000000100000000)
  region size 1024K, 22 young (22528K), 2 survivors (2048K)
 Metaspace       used 33029K, capacity 33508K, committed 33584K, reserved 1079296K
  class space    used 4009K, capacity 4183K, committed 4224K, reserved 1048576K
}
Event: 8.264 GC heap after
{Heap after GC invocations=19 (full 0):
 garbage-first heap   total 56320K, used 23871K [0x00000000c1e00000, 0x0000000100000000)
  region size 1024K, 2 young (2048K), 2 survivors (2048K)
 Metaspace       used 33029K, capacity 33508K, committed 33584K, reserved 1079296K
  class space    used 4009K, capacity 4183K, committed 4224K, reserved 1048576K
}

