# JRE version: OpenJDK Runtime Environment AdoptOpenJDK (15.0.2+7) (build 15.0.2+7)
# Java VM: OpenJDK 64-Bit Server VM AdoptOpenJDK (15.0.2+7, mixed mode, sharing, tiered, compressed oops, g1 gc, windows-amd64)
GC Precious Log:
 CPUs: 4 total, 4 available
 Memory: 3968M
 Large Page Support: Disabled
 NUMA Support: Disabled
 Compressed Oops: Enabled (32-bit)
 Heap Region Size: 1M
 Heap Min Capacity: 8M
 Heap Initial Capacity: 64M
 Heap Max Capacity: 994M
 Pre-touch: Disabled
 Parallel Workers: 4
 Concurrent Workers: 1
 Concurrent Refinement Workers: 4
 Periodic GC: Disabled
Heap:
 garbage-first heap   total 86016K, used 49522K [0x00000000c1e00000, 0x0000000100000000)
  region size 1024K, 10 young (10240K), 2 survivors (2048K)
 Metaspace       used 78755K, capacity 79488K, committed 79704K, reserved 1120256K
  class space    used 9655K, capacity 9900K, committed 9968K, reserved 1048576K
GC Heap History (20 events):
Event: 20.067 GC heap before
{Heap before GC invocations=27 (full 0):
 garbage-first heap   total 86016K, used 46949K [0x00000000c1e00000, 0x0000000100000000)
  region size 1024K, 13 young (13312K), 5 survivors (5120K)
 Metaspace       used 69623K, capacity 70262K, committed 70360K, reserved 1110016K
  class space    used 8776K, capacity 8990K, committed 9072K, reserved 1048576K
}
Event: 20.080 GC heap after
{Heap after GC invocations=28 (full 0):
 garbage-first heap   total 86016K, used 42128K [0x00000000c1e00000, 0x0000000100000000)
  region size 1024K, 2 young (2048K), 2 survivors (2048K)
 Metaspace       used 69623K, capacity 70262K, committed 70360K, reserved 1110016K
  class space    used 8776K, capacity 8990K, committed 9072K, reserved 1048576K
}
Event: 39.168 GC heap before
{Heap before GC invocations=29 (full 0):
 garbage-first heap   total 86016K, used 68752K [0x00000000c1e00000, 0x0000000100000000)
  region size 1024K, 28 young (28672K), 2 survivors (2048K)
 Metaspace       used 70008K, capacity 70680K, committed 70872K, reserved 1112064K
  class space    used 8785K, capacity 8986K, committed 9072K, reserved 1048576K
}
Event: 39.173 GC heap after
{Heap after GC invocations=30 (full 0):
 garbage-first heap   total 86016K, used 42262K [0x00000000c1e00000, 0x0000000100000000)
  region size 1024K, 2 young (2048K), 2 survivors (2048K)
 Metaspace       used 70008K, capacity 70680K, committed 70872K, reserved 1112064K
  class space    used 8785K, capacity 8986K, committed 9072K, reserved 1048576K
}
Event: 39.385 GC heap before
{Heap before GC invocations=30 (full 0):
 garbage-first heap   total 86016K, used 44310K [0x00000000c1e00000, 0x0000000100000000)
  region size 1024K, 4 young (4096K), 2 survivors (2048K)
 Metaspace       used 70091K, capacity 70744K, committed 70872K, reserved 1112064K
  class space    used 8785K, capacity 8986K, committed 9072K, reserved 1048576K
}
Event: 39.403 GC heap after
{Heap after GC invocations=31 (full 0):
 garbage-first heap   total 86016K, used 39462K [0x00000000c1e00000, 0x0000000100000000)
  region size 1024K, 1 young (1024K), 1 survivors (1024K)
 Metaspace       used 70091K, capacity 70744K, committed 70872K, reserved 1112064K
  class space    used 8785K, capacity 8986K, committed 9072K, reserved 1048576K
}
Event: 49.114 GC heap before
{Heap before GC invocations=31 (full 0):
 garbage-first heap   total 86016K, used 70182K [0x00000000c1e00000, 0x0000000100000000)
  region size 1024K, 31 young (31744K), 1 survivors (1024K)
 Metaspace       used 71108K, capacity 71846K, committed 72024K, reserved 1112064K
  class space    used 8864K, capacity 9116K, committed 9200K, reserved 1048576K
}
Event: 49.118 GC heap after
{Heap after GC invocations=32 (full 0):
 garbage-first heap   total 86016K, used 39566K [0x00000000c1e00000, 0x0000000100000000)
  region size 1024K, 1 young (1024K), 1 survivors (1024K)
 Metaspace       used 71108K, capacity 71846K, committed 72024K, reserved 1112064K
  class space    used 8864K, capacity 9116K, committed 9200K, reserved 1048576K
}
Event: 77.017 GC heap before
{Heap before GC invocations=33 (full 0):
 garbage-first heap   total 86016K, used 71310K [0x00000000c1e00000, 0x0000000100000000)
  region size 1024K, 32 young (32768K), 1 survivors (1024K)
 Metaspace       used 71512K, capacity 72173K, committed 72280K, reserved 1112064K
  class space    used 8892K, capacity 9118K, committed 9200K, reserved 1048576K
}
Event: 77.023 GC heap after
{Heap after GC invocations=34 (full 0):
 garbage-first heap   total 86016K, used 39582K [0x00000000c1e00000, 0x0000000100000000)
  region size 1024K, 1 young (1024K), 1 survivors (1024K)
 Metaspace       used 71512K, capacity 72173K, committed 72280K, reserved 1112064K
  class space    used 8892K, capacity 9118K, committed 9200K, reserved 1048576K
}
Event: 107.074 GC heap before
{Heap before GC invocations=34 (full 0):
 garbage-first heap   total 86016K, used 71326K [0x00000000c1e00000, 0x0000000100000000)
  region size 1024K, 33 young (33792K), 1 survivors (1024K)
 Metaspace       used 74744K, capacity 75435K, committed 75608K, reserved 1116160K
  class space    used 9232K, capacity 9412K, committed 9456K, reserved 1048576K
}
Event: 107.081 GC heap after
{Heap after GC invocations=35 (full 0):
 garbage-first heap   total 86016K, used 41153K [0x00000000c1e00000, 0x0000000100000000)
  region size 1024K, 3 young (3072K), 3 survivors (3072K)
 Metaspace       used 74744K, capacity 75435K, committed 75608K, reserved 1116160K
  class space    used 9232K, capacity 9412K, committed 9456K, reserved 1048576K
}
Event: 118.759 GC heap before
{Heap before GC invocations=36 (full 0):
 garbage-first heap   total 86016K, used 69825K [0x00000000c1e00000, 0x0000000100000000)
  region size 1024K, 32 young (32768K), 3 survivors (3072K)
 Metaspace       used 78587K, capacity 79316K, committed 79448K, reserved 1118208K
  class space    used 9643K, capacity 9866K, committed 9968K, reserved 1048576K
}
Event: 118.776 GC heap after
{Heap after GC invocations=37 (full 0):
 garbage-first heap   total 86016K, used 42512K [0x00000000c1e00000, 0x0000000100000000)
  region size 1024K, 4 young (4096K), 4 survivors (4096K)
 Metaspace       used 78587K, capacity 79316K, committed 79448K, reserved 1118208K
  class space    used 9643K, capacity 9866K, committed 9968K, reserved 1048576K
}
Event: 162.743 GC heap before
{Heap before GC invocations=37 (full 0):
 garbage-first heap   total 86016K, used 70160K [0x00000000c1e00000, 0x0000000100000000)
  region size 1024K, 31 young (31744K), 4 survivors (4096K)
 Metaspace       used 78590K, capacity 79316K, committed 79448K, reserved 1118208K
  class space    used 9643K, capacity 9866K, committed 9968K, reserved 1048576K
}
Event: 162.757 GC heap after
{Heap after GC invocations=38 (full 0):
 garbage-first heap   total 86016K, used 42324K [0x00000000c1e00000, 0x0000000100000000)
  region size 1024K, 2 young (2048K), 2 survivors (2048K)
 Metaspace       used 78590K, capacity 79316K, committed 79448K, reserved 1118208K
  class space    used 9643K, capacity 9866K, committed 9968K, reserved 1048576K
}
Event: 209.949 GC heap before
{Heap before GC invocations=39 (full 0):
 garbage-first heap   total 86016K, used 72020K [0x00000000c1e00000, 0x0000000100000000)
  region size 1024K, 31 young (31744K), 2 survivors (2048K)
 Metaspace       used 78595K, capacity 79316K, committed 79448K, reserved 1118208K
  class space    used 9643K, capacity 9866K, committed 9968K, reserved 1048576K
}
Event: 209.953 GC heap after
{Heap after GC invocations=40 (full 0):
 garbage-first heap   total 86016K, used 42225K [0x00000000c1e00000, 0x0000000100000000)
  region size 1024K, 2 young (2048K), 2 survivors (2048K)
 Metaspace       used 78595K, capacity 79316K, committed 79448K, reserved 1118208K
  class space    used 9643K, capacity 9866K, committed 9968K, reserved 1048576K
}
Event: 259.630 GC heap before
{Heap before GC invocations=40 (full 0):
 garbage-first heap   total 86016K, used 72945K [0x00000000c1e00000, 0x0000000100000000)
  region size 1024K, 32 young (32768K), 2 survivors (2048K)
 Metaspace       used 78600K, capacity 79316K, committed 79448K, reserved 1118208K
  class space    used 9643K, capacity 9866K, committed 9968K, reserved 1048576K
}
Event: 259.633 GC heap after
{Heap after GC invocations=41 (full 0):
 garbage-first heap   total 86016K, used 42354K [0x00000000c1e00000, 0x0000000100000000)
  region size 1024K, 2 young (2048K), 2 survivors (2048K)
 Metaspace       used 78600K, capacity 79316K, committed 79448K, reserved 1118208K
  class space    used 9643K, capacity 9866K, committed 9968K, reserved 1048576K
}

