# JRE version: OpenJDK Runtime Environment AdoptOpenJDK (15.0.2+7) (build 15.0.2+7)
# Java VM: OpenJDK 64-Bit Server VM AdoptOpenJDK (15.0.2+7, mixed mode, sharing, tiered, compressed oops, g1 gc, windows-amd64)
GC Precious Log:
 CPUs: 4 total, 4 available
 Memory: 3968M
 Large Page Support: Disabled
 NUMA Support: Disabled
 Compressed Oops: Enabled (32-bit)
 Heap Region Size: 1M
 Heap Min Capacity: 8M
 Heap Initial Capacity: 64M
 Heap Max Capacity: 994M
 Pre-touch: Disabled
 Parallel Workers: 4
 Concurrent Workers: 1
 Concurrent Refinement Workers: 4
 Periodic GC: Disabled
Heap:
 garbage-first heap   total 78848K, used 61966K [0x00000000c1e00000, 0x0000000100000000)
  region size 1024K, 20 young (20480K), 1 survivors (1024K)
 Metaspace       used 78045K, capacity 78749K, committed 78896K, reserved 1118208K
  class space    used 9620K, capacity 9837K, committed 9856K, reserved 1048576K
GC Heap History (20 events):
Event: 477.108 GC heap before
{Heap before GC invocations=59 (full 0):
 garbage-first heap   total 78848K, used 69023K [0x00000000c1e00000, 0x0000000100000000)
  region size 1024K, 26 young (26624K), 1 survivors (1024K)
 Metaspace       used 77657K, capacity 78353K, committed 78384K, reserved 1118208K
  class space    used 9606K, capacity 9835K, committed 9856K, reserved 1048576K
}
Event: 477.110 GC heap after
{Heap after GC invocations=60 (full 0):
 garbage-first heap   total 78848K, used 43482K [0x00000000c1e00000, 0x0000000100000000)
  region size 1024K, 1 young (1024K), 1 survivors (1024K)
 Metaspace       used 77657K, capacity 78353K, committed 78384K, reserved 1118208K
  class space    used 9606K, capacity 9835K, committed 9856K, reserved 1048576K
}
Event: 517.316 GC heap before
{Heap before GC invocations=61 (full 0):
 garbage-first heap   total 78848K, used 69082K [0x00000000c1e00000, 0x0000000100000000)
  region size 1024K, 26 young (26624K), 1 survivors (1024K)
 Metaspace       used 77658K, capacity 78353K, committed 78384K, reserved 1118208K
  class space    used 9606K, capacity 9835K, committed 9856K, reserved 1048576K
}
Event: 517.323 GC heap after
{Heap after GC invocations=62 (full 0):
 garbage-first heap   total 78848K, used 43548K [0x00000000c1e00000, 0x0000000100000000)
  region size 1024K, 1 young (1024K), 1 survivors (1024K)
 Metaspace       used 77658K, capacity 78353K, committed 78384K, reserved 1118208K
  class space    used 9606K, capacity 9835K, committed 9856K, reserved 1048576K
}
Event: 557.827 GC heap before
{Heap before GC invocations=62 (full 0):
 garbage-first heap   total 78848K, used 69148K [0x00000000c1e00000, 0x0000000100000000)
  region size 1024K, 26 young (26624K), 1 survivors (1024K)
 Metaspace       used 77676K, capacity 78353K, committed 78384K, reserved 1118208K
  class space    used 9606K, capacity 9835K, committed 9856K, reserved 1048576K
}
Event: 557.830 GC heap after
{Heap after GC invocations=63 (full 0):
 garbage-first heap   total 78848K, used 43486K [0x00000000c1e00000, 0x0000000100000000)
  region size 1024K, 1 young (1024K), 1 survivors (1024K)
 Metaspace       used 77676K, capacity 78353K, committed 78384K, reserved 1118208K
  class space    used 9606K, capacity 9835K, committed 9856K, reserved 1048576K
}
Event: 596.312 GC heap before
{Heap before GC invocations=64 (full 0):
 garbage-first heap   total 78848K, used 68062K [0x00000000c1e00000, 0x0000000100000000)
  region size 1024K, 25 young (25600K), 1 survivors (1024K)
 Metaspace       used 77677K, capacity 78353K, committed 78384K, reserved 1118208K
  class space    used 9606K, capacity 9835K, committed 9856K, reserved 1048576K
}
Event: 596.314 GC heap after
{Heap after GC invocations=65 (full 0):
 garbage-first heap   total 78848K, used 43461K [0x00000000c1e00000, 0x0000000100000000)
  region size 1024K, 1 young (1024K), 1 survivors (1024K)
 Metaspace       used 77677K, capacity 78353K, committed 78384K, reserved 1118208K
  class space    used 9606K, capacity 9835K, committed 9856K, reserved 1048576K
}
Event: 634.881 GC heap before
{Heap before GC invocations=65 (full 0):
 garbage-first heap   total 78848K, used 68037K [0x00000000c1e00000, 0x0000000100000000)
  region size 1024K, 25 young (25600K), 1 survivors (1024K)
 Metaspace       used 77677K, capacity 78353K, committed 78384K, reserved 1118208K
  class space    used 9606K, capacity 9835K, committed 9856K, reserved 1048576K
}
Event: 634.883 GC heap after
{Heap after GC invocations=66 (full 0):
 garbage-first heap   total 78848K, used 43463K [0x00000000c1e00000, 0x0000000100000000)
  region size 1024K, 1 young (1024K), 1 survivors (1024K)
 Metaspace       used 77677K, capacity 78353K, committed 78384K, reserved 1118208K
  class space    used 9606K, capacity 9835K, committed 9856K, reserved 1048576K
}
Event: 673.525 GC heap before
{Heap before GC invocations=67 (full 0):
 garbage-first heap   total 78848K, used 68039K [0x00000000c1e00000, 0x0000000100000000)
  region size 1024K, 25 young (25600K), 1 survivors (1024K)
 Metaspace       used 77677K, capacity 78353K, committed 78384K, reserved 1118208K
  class space    used 9606K, capacity 9835K, committed 9856K, reserved 1048576K
}
Event: 673.526 GC heap after
{Heap after GC invocations=68 (full 0):
 garbage-first heap   total 78848K, used 43474K [0x00000000c1e00000, 0x0000000100000000)
  region size 1024K, 1 young (1024K), 1 survivors (1024K)
 Metaspace       used 77677K, capacity 78353K, committed 78384K, reserved 1118208K
  class space    used 9606K, capacity 9835K, committed 9856K, reserved 1048576K
}
Event: 712.145 GC heap before
{Heap before GC invocations=68 (full 0):
 garbage-first heap   total 78848K, used 68050K [0x00000000c1e00000, 0x0000000100000000)
  region size 1024K, 25 young (25600K), 1 survivors (1024K)
 Metaspace       used 77677K, capacity 78353K, committed 78384K, reserved 1118208K
  class space    used 9606K, capacity 9835K, committed 9856K, reserved 1048576K
}
Event: 712.147 GC heap after
{Heap after GC invocations=69 (full 0):
 garbage-first heap   total 78848K, used 43481K [0x00000000c1e00000, 0x0000000100000000)
  region size 1024K, 1 young (1024K), 1 survivors (1024K)
 Metaspace       used 77677K, capacity 78353K, committed 78384K, reserved 1118208K
  class space    used 9606K, capacity 9835K, committed 9856K, reserved 1048576K
}
Event: 750.770 GC heap before
{Heap before GC invocations=70 (full 0):
 garbage-first heap   total 78848K, used 68057K [0x00000000c1e00000, 0x0000000100000000)
  region size 1024K, 25 young (25600K), 1 survivors (1024K)
 Metaspace       used 77677K, capacity 78353K, committed 78384K, reserved 1118208K
  class space    used 9606K, capacity 9835K, committed 9856K, reserved 1048576K
}
Event: 750.772 GC heap after
{Heap after GC invocations=71 (full 0):
 garbage-first heap   total 78848K, used 43475K [0x00000000c1e00000, 0x0000000100000000)
  region size 1024K, 1 young (1024K), 1 survivors (1024K)
 Metaspace       used 77677K, capacity 78353K, committed 78384K, reserved 1118208K
  class space    used 9606K, capacity 9835K, committed 9856K, reserved 1048576K
}
Event: 789.723 GC heap before
{Heap before GC invocations=71 (full 0):
 garbage-first heap   total 78848K, used 68051K [0x00000000c1e00000, 0x0000000100000000)
  region size 1024K, 25 young (25600K), 1 survivors (1024K)
 Metaspace       used 77677K, capacity 78353K, committed 78384K, reserved 1118208K
  class space    used 9606K, capacity 9835K, committed 9856K, reserved 1048576K
}
Event: 789.725 GC heap after
{Heap after GC invocations=72 (full 0):
 garbage-first heap   total 78848K, used 43474K [0x00000000c1e00000, 0x0000000100000000)
  region size 1024K, 1 young (1024K), 1 survivors (1024K)
 Metaspace       used 77677K, capacity 78353K, committed 78384K, reserved 1118208K
  class space    used 9606K, capacity 9835K, committed 9856K, reserved 1048576K
}
Event: 821.356 GC heap before
{Heap before GC invocations=73 (full 0):
 garbage-first heap   total 78848K, used 68050K [0x00000000c1e00000, 0x0000000100000000)
  region size 1024K, 25 young (25600K), 1 survivors (1024K)
 Metaspace       used 77726K, capacity 78417K, committed 78640K, reserved 1118208K
  class space    used 9609K, capacity 9835K, committed 9856K, reserved 1048576K
}
Event: 821.358 GC heap after
{Heap after GC invocations=74 (full 0):
 garbage-first heap   total 78848K, used 43534K [0x00000000c1e00000, 0x0000000100000000)
  region size 1024K, 1 young (1024K), 1 survivors (1024K)
 Metaspace       used 77726K, capacity 78417K, committed 78640K, reserved 1118208K
  class space    used 9609K, capacity 9835K, committed 9856K, reserved 1048576K
}

